2012-12-26T12:56:34+0100 Parsed options, opening serial port "/dev/ttyS1"
2012-12-26T12:56:34+0100 Opened port "/dev/ttyS1"
2012-12-26T12:56:34+0100 Configured port "/dev/ttyS1"
2012-12-26T12:56:34+0100 Listening on [::1]:10000
2012-12-26T12:56:34+0100 Setup done, starting event loop
2012-12-26T12:56:41+0100 SERIAL : Unknown message: Hdr=0xdc Src=0x0a Dst=0x00 data[5]=06 3d 0d 05 19 
2012-12-26T12:56:41+0100 SERIAL : Unknown message: Hdr=0xdc Src=0x00 Dst=0x0a data[8]=07 0d 3d 05 19 00 0c bb 
2012-12-26T12:56:51+0100 SERIAL : Unknown message: Hdr=0xdc Src=0x0a Dst=0x00 data[5]=06 3d 0d 05 19 
2012-12-26T12:56:52+0100 SERIAL : Unknown message: Hdr=0xdc Src=0x00 Dst=0x0a data[8]=07 0d 3d 05 19 00 0c bb 
2012-12-26T12:57:02+0100 SERIAL : Form Error in data (Header not 0xdc), ignoring byte 0xff
2012-12-26T12:57:02+0100 SERIAL : Form Error in data (Header not 0xdc), ignoring byte 0xff
2012-12-26T12:57:02+0100 SERIAL : Unknown message: Hdr=0xdc Src=0x0a Dst=0x00 data[5]=06 3d 0d 05 19 
2012-12-26T12:57:02+0100 SERIAL : Unknown message: Hdr=0xdc Src=0x00 Dst=0x0a data[8]=07 0d 3d 05 19 00 0c bb 
2012-12-26T12:57:02+0100 SERIAL : Unknown message: Hdr=0xdc Src=0x06 Dst=0x7f data[15]=02 05 00 00 64 00 5e 00 65 03 fc 00 01 c5 5d 
2012-12-26T12:57:02+0100 SERIAL : Unknown message: Hdr=0xdc Src=0x06 Dst=0x7f data[5]=01 05 05 00 64 
2012-12-26T12:57:02+0100 SERIAL : Unknown message: Hdr=0xdc Src=0x00 Dst=0x06 data[15]=02 05 05 00 64 00 61 00 88 00 04 48 05 0b 37 
2012-12-26T12:57:02+0100 SERIAL : Unknown message: Hdr=0xdc Src=0x0a Dst=0x06 data[15]=02 05 05 00 64 00 76 00 88 03 fc 00 09 de d7 
2012-12-26T12:57:07+0100 SERIAL : Unknown message: Hdr=0xdc Src=0x06 Dst=0x00 data[5]=06 3d 05 02 13 
2012-12-26T12:57:07+0100 SERIAL : Unknown message: Hdr=0xdc Src=0x00 Dst=0x06 data[9]=07 05 3d 02 13 04 00 00 19 
2012-12-26T12:57:07+0100 SERIAL : Unknown message: Hdr=0xdc Src=0x06 Dst=0x00 data[5]=06 3d 05 02 19 
2012-12-26T12:57:07+0100 SERIAL : Unknown message: Hdr=0xdc Src=0x00 Dst=0x06 data[6]=08 05 3d 02 19 07 
2012-12-26T12:57:07+0100 SERIAL : Unknown message: Hdr=0xdc Src=0x06 Dst=0x00 data[5]=06 3d 05 02 48 
2012-12-26T12:57:07+0100 SERIAL : Unknown message: Hdr=0xdc Src=0x00 Dst=0x06 data[6]=08 05 3d 02 48 07 
2012-12-26T12:57:07+0100 SERIAL : Unknown message: Hdr=0xdc Src=0x06 Dst=0x00 data[5]=06 3d 31 02 12 
2012-12-26T12:57:07+0100 SERIAL : Unknown message: Hdr=0xdc Src=0x00 Dst=0x06 data[8]=07 31 3d 02 12 01 00 c5 
2012-12-26T12:57:08+0100 SERIAL : Unknown message: Hdr=0xdc Src=0x06 Dst=0x00 data[5]=06 3d 2d 02 11 
2012-12-26T12:57:08+0100 SERIAL : Unknown message: Hdr=0xdc Src=0x00 Dst=0x06 data[15]=07 2d 3d 02 11 01 02 24 87 ff ff ff ff 02 01 
2012-12-26T12:57:08+0100 SERIAL : Unknown message: Hdr=0xdc Src=0x06 Dst=0x32 data[5]=06 3d 05 00 64 
2012-12-26T12:57:08+0100 SERIAL : Unknown message: Hdr=0xdc Src=0x06 Dst=0x00 data[8]=02 3d 2d 02 15 05 68 00 
2012-12-26T12:57:11+0100 SERIAL : Unknown message: Hdr=0xdc Src=0x06 Dst=0x32 data[5]=06 3d 05 00 64 
2012-12-26T12:57:12+0100 SERIAL : Unknown message: Hdr=0xdc Src=0x0a Dst=0x00 data[5]=06 3d 0d 05 19 
2012-12-26T12:57:12+0100 SERIAL : Unknown message: Hdr=0xdc Src=0x00 Dst=0x0a data[8]=07 0d 3d 05 19 00 0c b4 
2012-12-26T12:57:14+0100 SERIAL : Unknown message: Hdr=0xdc Src=0x06 Dst=0x32 data[5]=06 3d 05 00 64 
2012-12-26T12:57:19+0100 SERIAL : Unknown message: Hdr=0xdc Src=0x06 Dst=0x00 data[8]=02 3d 2d 02 15 05 6b 00 
2012-12-26T12:57:22+0100 SERIAL : Unknown message: Hdr=0xdc Src=0x0a Dst=0x00 data[5]=06 3d 0d 05 19 
2012-12-26T12:57:22+0100 SERIAL : Unknown message: Hdr=0xdc Src=0x00 Dst=0x0a data[8]=07 0d 3d 05 19 00 0c b4 
2012-12-26T12:57:25+0100 SERIAL : Unknown message: Hdr=0xdc Src=0x06 Dst=0x7f data[14]=02 05 00 00 6c 00 70 0c 1a 03 0c 39 06 00 
2012-12-26T12:57:32+0100 SERIAL : Unknown message: Hdr=0xdc Src=0x0a Dst=0x00 data[5]=06 3d 0d 05 19 
2012-12-26T12:57:32+0100 SERIAL : Unknown message: Hdr=0xdc Src=0x00 Dst=0x0a data[8]=07 0d 3d 05 19 00 0c b4 
2012-12-26T12:57:42+0100 SERIAL : Unknown message: Hdr=0xdc Src=0x0a Dst=0x00 data[5]=06 3d 0d 05 19 
2012-12-26T12:57:42+0100 SERIAL : Unknown message: Hdr=0xdc Src=0x00 Dst=0x0a data[8]=07 0d 3d 05 19 00 0c bb 
2012-12-26T12:57:52+0100 SERIAL : Unknown message: Hdr=0xdc Src=0x0a Dst=0x00 data[5]=06 3d 0d 05 19 
2012-12-26T12:57:52+0100 SERIAL : Unknown message: Hdr=0xdc Src=0x00 Dst=0x0a data[8]=07 0d 3d 05 19 00 0c bb 
2012-12-26T12:58:02+0100 SERIAL : Unknown message: Hdr=0xdc Src=0x0a Dst=0x00 data[5]=06 3d 0d 05 19 
2012-12-26T12:58:02+0100 SERIAL : Unknown message: Hdr=0xdc Src=0x00 Dst=0x0a data[8]=07 0d 3d 05 19 00 0c bb 
2012-12-26T12:58:12+0100 SERIAL : Unknown message: Hdr=0xdc Src=0x0a Dst=0x00 data[5]=06 3d 0d 05 19 
2012-12-26T12:58:12+0100 SERIAL : Unknown message: Hdr=0xdc Src=0x00 Dst=0x0a data[8]=07 0d 3d 05 19 00 0c bb 
2012-12-26T12:58:19+0100 SERIAL : Unknown message: Hdr=0xdc Src=0x06 Dst=0x00 data[8]=02 3d 2d 02 15 05 6f 00 
2012-12-26T12:58:22+0100 SERIAL : Unknown message: Hdr=0xdc Src=0x0a Dst=0x00 data[5]=06 3d 0d 05 19 
2012-12-26T12:58:22+0100 SERIAL : Unknown message: Hdr=0xdc Src=0x00 Dst=0x0a data[8]=07 0d 3d 05 19 00 0c bb 
2012-12-26T12:58:32+0100 SERIAL : Unknown message: Hdr=0xdc Src=0x0a Dst=0x00 data[5]=06 3d 0d 05 19 
2012-12-26T12:58:33+0100 SERIAL : Unknown message: Hdr=0xdc Src=0x00 Dst=0x0a data[8]=07 0d 3d 05 19 00 0c bb 
2012-12-26T12:58:38+0100 SERIAL : Unknown message: Hdr=0xdc Src=0x00 Dst=0x7f data[9]=02 05 00 02 13 00 00 00 19 
2012-12-26T12:58:43+0100 SERIAL : Unknown message: Hdr=0xdc Src=0x0a Dst=0x00 data[5]=06 3d 0d 05 19 
2012-12-26T12:58:43+0100 SERIAL : Unknown message: Hdr=0xdc Src=0x00 Dst=0x0a data[8]=07 0d 3d 05 19 00 0c a7 
2012-12-26T12:58:53+0100 SERIAL : Unknown message: Hdr=0xdc Src=0x0a Dst=0x00 data[5]=06 3d 0d 05 19 
2012-12-26T12:58:53+0100 SERIAL : Unknown message: Hdr=0xdc Src=0x00 Dst=0x0a data[8]=07 0d 3d 05 19 00 0c 2b 
2012-12-26T12:59:03+0100 SERIAL : Unknown message: Hdr=0xdc Src=0x0a Dst=0x00 data[5]=06 3d 0d 05 19 
2012-12-26T12:59:03+0100 SERIAL : Unknown message: Hdr=0xdc Src=0x00 Dst=0x0a data[8]=07 0d 3d 05 19 00 0b 8d 
2012-12-26T12:59:13+0100 SERIAL : Unknown message: Hdr=0xdc Src=0x0a Dst=0x00 data[5]=06 3d 0d 05 19 
2012-12-26T12:59:13+0100 SERIAL : Unknown message: Hdr=0xdc Src=0x00 Dst=0x0a data[8]=07 0d 3d 05 19 00 0b 01 
2012-12-26T12:59:19+0100 SERIAL : Unknown message: Hdr=0xdc Src=0x06 Dst=0x00 data[8]=02 3d 2d 02 15 05 6f 00 
2012-12-26T12:59:23+0100 SERIAL : Unknown message: Hdr=0xdc Src=0x0a Dst=0x00 data[5]=06 3d 0d 05 19 
2012-12-26T12:59:23+0100 SERIAL : Unknown message: Hdr=0xdc Src=0x00 Dst=0x0a data[8]=07 0d 3d 05 19 00 0a 97 
2012-12-26T12:59:33+0100 SERIAL : Unknown message: Hdr=0xdc Src=0x0a Dst=0x00 data[5]=06 3d 0d 05 19 
2012-12-26T12:59:33+0100 SERIAL : Unknown message: Hdr=0xdc Src=0x00 Dst=0x0a data[8]=07 0d 3d 05 19 00 0a 41 
2012-12-26T12:59:43+0100 SERIAL : Unknown message: Hdr=0xdc Src=0x0a Dst=0x00 data[5]=06 3d 0d 05 19 
2012-12-26T12:59:43+0100 SERIAL : Unknown message: Hdr=0xdc Src=0x00 Dst=0x0a data[8]=07 0d 3d 05 19 00 0a 08 
2012-12-26T12:59:53+0100 SERIAL : Unknown message: Hdr=0xdc Src=0x0a Dst=0x00 data[5]=06 3d 0d 05 19 
2012-12-26T12:59:53+0100 SERIAL : Unknown message: Hdr=0xdc Src=0x00 Dst=0x0a data[8]=07 0d 3d 05 19 00 09 e2 
2012-12-26T13:00:03+0100 SERIAL : Unknown message: Hdr=0xdc Src=0x0a Dst=0x00 data[5]=06 3d 0d 05 19 
2012-12-26T13:00:03+0100 SERIAL : Unknown message: Hdr=0xdc Src=0x00 Dst=0x0a data[8]=07 0d 3d 05 19 00 09 c5 
2012-12-26T13:00:13+0100 SERIAL : Unknown message: Hdr=0xdc Src=0x0a Dst=0x00 data[5]=06 3d 0d 05 19 
2012-12-26T13:00:14+0100 SERIAL : Unknown message: Hdr=0xdc Src=0x00 Dst=0x0a data[8]=07 0d 3d 05 19 00 09 b0 
2012-12-26T13:00:19+0100 SERIAL : Unknown message: Hdr=0xdc Src=0x06 Dst=0x00 data[8]=02 3d 2d 02 15 05 6f 00 
2012-12-26T13:00:24+0100 SERIAL : Unknown message: Hdr=0xdc Src=0x0a Dst=0x00 data[5]=06 3d 0d 05 19 
2012-12-26T13:00:24+0100 SERIAL : Unknown message: Hdr=0xdc Src=0x00 Dst=0x0a data[8]=07 0d 3d 05 19 00 09 a0 
2012-12-26T13:00:34+0100 SERIAL : Unknown message: Hdr=0xdc Src=0x0a Dst=0x00 data[5]=06 3d 0d 05 19 
2012-12-26T13:00:34+0100 SERIAL : Unknown message: Hdr=0xdc Src=0x00 Dst=0x0a data[8]=07 0d 3d 05 19 00 09 92 
2012-12-26T13:00:44+0100 SERIAL : Unknown message: Hdr=0xdc Src=0x0a Dst=0x00 data[5]=06 3d 0d 05 19 
2012-12-26T13:00:44+0100 SERIAL : Unknown message: Hdr=0xdc Src=0x00 Dst=0x0a data[8]=07 0d 3d 05 19 00 09 8a 
2012-12-26T13:00:54+0100 SERIAL : Unknown message: Hdr=0xdc Src=0x0a Dst=0x00 data[5]=06 3d 0d 05 19 
2012-12-26T13:00:54+0100 SERIAL : Unknown message: Hdr=0xdc Src=0x00 Dst=0x0a data[8]=07 0d 3d 05 19 00 09 7c 
2012-12-26T13:00:56+0100 SERIAL : Unknown message: Hdr=0xdc Src=0x00 Dst=0x7f data[8]=02 31 00 02 12 01 00 c5 
2012-12-26T13:01:04+0100 SERIAL : Unknown message: Hdr=0xdc Src=0x0a Dst=0x00 data[5]=06 3d 0d 05 19 
2012-12-26T13:01:04+0100 SERIAL : Unknown message: Hdr=0xdc Src=0x00 Dst=0x0a data[8]=07 0d 3d 05 19 00 09 75 
2012-12-26T13:01:14+0100 SERIAL : Unknown message: Hdr=0xdc Src=0x0a Dst=0x00 data[5]=06 3d 0d 05 19 
2012-12-26T13:01:14+0100 SERIAL : Unknown message: Hdr=0xdc Src=0x00 Dst=0x0a data[8]=07 0d 3d 05 19 00 09 6d 
2012-12-26T13:01:19+0100 SERIAL : Unknown message: Hdr=0xdc Src=0x06 Dst=0x00 data[8]=02 3d 2d 02 15 05 6f 00 
2012-12-26T13:01:24+0100 SERIAL : Unknown message: Hdr=0xdc Src=0x0a Dst=0x00 data[5]=06 3d 0d 05 19 
2012-12-26T13:01:24+0100 SERIAL : Unknown message: Hdr=0xdc Src=0x00 Dst=0x0a data[8]=07 0d 3d 05 19 00 09 6d 
2012-12-26T13:01:34+0100 SERIAL : Unknown message: Hdr=0xdc Src=0x0a Dst=0x00 data[5]=06 3d 0d 05 19 
2012-12-26T13:01:34+0100 SERIAL : Unknown message: Hdr=0xdc Src=0x00 Dst=0x0a data[8]=07 0d 3d 05 19 00 09 65 
2012-12-26T13:01:44+0100 SERIAL : Unknown message: Hdr=0xdc Src=0x0a Dst=0x00 data[5]=06 3d 0d 05 19 
2012-12-26T13:01:44+0100 SERIAL : Unknown message: Hdr=0xdc Src=0x00 Dst=0x0a data[8]=07 0d 3d 05 19 00 09 57 
2012-12-26T13:01:54+0100 SERIAL : Unknown message: Hdr=0xdc Src=0x0a Dst=0x00 data[5]=06 3d 0d 05 19 
2012-12-26T13:01:55+0100 SERIAL : Unknown message: Hdr=0xdc Src=0x00 Dst=0x0a data[8]=07 0d 3d 05 19 00 09 4f 
2012-12-26T13:01:56+0100 SERIAL : Unknown message: Hdr=0xdc Src=0x00 Dst=0x7f data[15]=02 2d 00 02 11 01 02 24 87 ff ff ff ff 02 01 
2012-12-26T13:02:05+0100 SERIAL : Unknown message: Hdr=0xdc Src=0x0a Dst=0x00 data[5]=06 3d 0d 05 19 
2012-12-26T13:02:05+0100 SERIAL : Unknown message: Hdr=0xdc Src=0x00 Dst=0x0a data[8]=07 0d 3d 05 19 00 09 40 
2012-12-26T13:02:15+0100 SERIAL : Unknown message: Hdr=0xdc Src=0x0a Dst=0x00 data[5]=06 3d 0d 05 19 
2012-12-26T13:02:15+0100 SERIAL : Unknown message: Hdr=0xdc Src=0x00 Dst=0x0a data[8]=07 0d 3d 05 19 00 09 31 
2012-12-26T13:02:19+0100 SERIAL : Unknown message: Hdr=0xdc Src=0x06 Dst=0x00 data[8]=02 3d 2d 02 15 05 6f 00 
2012-12-26T13:02:25+0100 SERIAL : Unknown message: Hdr=0xdc Src=0x0a Dst=0x00 data[5]=06 3d 0d 05 19 
2012-12-26T13:02:25+0100 SERIAL : Unknown message: Hdr=0xdc Src=0x00 Dst=0x0a data[8]=07 0d 3d 05 19 00 09 22 
2012-12-26T13:02:25+0100 SERIAL : Unknown message: Hdr=0xdc Src=0x06 Dst=0x7f data[14]=02 05 00 00 6c 00 70 0c 1a 03 0d 02 06 00 
2012-12-26T13:02:35+0100 SERIAL : Unknown message: Hdr=0xdc Src=0x0a Dst=0x00 data[5]=06 3d 0d 05 19 
2012-12-26T13:02:35+0100 SERIAL : Unknown message: Hdr=0xdc Src=0x00 Dst=0x0a data[8]=07 0d 3d 05 19 00 09 1b 
2012-12-26T13:02:45+0100 SERIAL : Unknown message: Hdr=0xdc Src=0x0a Dst=0x00 data[5]=06 3d 0d 05 19 
2012-12-26T13:02:45+0100 SERIAL : Unknown message: Hdr=0xdc Src=0x00 Dst=0x0a data[8]=07 0d 3d 05 19 00 09 0b 
2012-12-26T13:02:55+0100 SERIAL : Unknown message: Hdr=0xdc Src=0x0a Dst=0x00 data[5]=06 3d 0d 05 19 
2012-12-26T13:02:55+0100 SERIAL : Unknown message: Hdr=0xdc Src=0x00 Dst=0x0a data[8]=07 0d 3d 05 19 00 09 04 
2012-12-26T13:03:05+0100 SERIAL : Unknown message: Hdr=0xdc Src=0x0a Dst=0x00 data[5]=06 3d 0d 05 19 
2012-12-26T13:03:05+0100 SERIAL : Unknown message: Hdr=0xdc Src=0x00 Dst=0x0a data[8]=07 0d 3d 05 19 00 08 f4 
2012-12-26T13:03:15+0100 SERIAL : Unknown message: Hdr=0xdc Src=0x0a Dst=0x00 data[5]=06 3d 0d 05 19 
2012-12-26T13:03:15+0100 SERIAL : Unknown message: Hdr=0xdc Src=0x00 Dst=0x0a data[8]=07 0d 3d 05 19 00 08 ec 
2012-12-26T13:03:19+0100 SERIAL : Unknown message: Hdr=0xdc Src=0x06 Dst=0x00 data[8]=02 3d 2d 02 15 05 6f 00 
2012-12-26T13:03:25+0100 SERIAL : Unknown message: Hdr=0xdc Src=0x0a Dst=0x00 data[5]=06 3d 0d 05 19 
2012-12-26T13:03:25+0100 SERIAL : Unknown message: Hdr=0xdc Src=0x00 Dst=0x0a data[8]=07 0d 3d 05 19 00 08 e5 
2012-12-26T13:03:34+0100 SERIAL : Unknown message: Hdr=0xdc Src=0x00 Dst=0x7f data[15]=02 2e 00 02 11 00 00 ff ff ff ff ff ff 00 00 
2012-12-26T13:03:35+0100 SERIAL : Unknown message: Hdr=0xde Src=0x00 Dst=0x7f data[7]=02 05 00 00 69 20 00 
2012-12-26T13:03:35+0100 SERIAL : Unknown message: Hdr=0xde Src=0x00 Dst=0x7f data[7]=02 05 00 00 69 20 00 
2012-12-26T13:03:35+0100 SERIAL : Unknown message: Hdr=0xde Src=0x00 Dst=0x7f data[7]=02 05 00 00 69 20 00 
2012-12-26T13:03:35+0100 SERIAL : Unknown message: Hdr=0xdc Src=0x0a Dst=0x00 data[5]=06 3d 0d 05 19 
2012-12-26T13:03:36+0100 SERIAL : Unknown message: Hdr=0xdc Src=0x00 Dst=0x0a data[8]=07 0d 3d 05 19 00 08 de 
2012-12-26T13:03:46+0100 SERIAL : Unknown message: Hdr=0xdc Src=0x0a Dst=0x00 data[5]=06 3d 0d 05 19 
2012-12-26T13:03:46+0100 SERIAL : Unknown message: Hdr=0xdc Src=0x00 Dst=0x0a data[8]=07 0d 3d 05 19 00 08 de 
2012-12-26T13:03:52+0100 SERIAL : Unknown message: Hdr=0xdc Src=0x00 Dst=0x7f data[9]=02 05 00 02 13 04 00 00 19 
2012-12-26T13:03:56+0100 SERIAL : Unknown message: Hdr=0xdc Src=0x0a Dst=0x00 data[5]=06 3d 0d 05 19 
2012-12-26T13:03:56+0100 SERIAL : Unknown message: Hdr=0xdc Src=0x00 Dst=0x0a data[8]=07 0d 3d 05 19 00 08 ec 
2012-12-26T13:04:06+0100 SERIAL : Unknown message: Hdr=0xdc Src=0x0a Dst=0x00 data[5]=06 3d 0d 05 19 
2012-12-26T13:04:06+0100 SERIAL : Unknown message: Hdr=0xdc Src=0x00 Dst=0x0a data[8]=07 0d 3d 05 19 00 09 b7 
2012-12-26T13:04:16+0100 SERIAL : Unknown message: Hdr=0xdc Src=0x0a Dst=0x00 data[5]=06 3d 0d 05 19 
2012-12-26T13:04:16+0100 SERIAL : Unknown message: Hdr=0xdc Src=0x00 Dst=0x0a data[8]=07 0d 3d 05 19 00 0a ba 
2012-12-26T13:04:19+0100 SERIAL : Unknown message: Hdr=0xdc Src=0x06 Dst=0x00 data[8]=02 3d 2d 02 15 05 6f 00 
2012-12-26T13:04:26+0100 SERIAL : Unknown message: Hdr=0xdc Src=0x0a Dst=0x00 data[5]=06 3d 0d 05 19 
2012-12-26T13:04:26+0100 SERIAL : Unknown message: Hdr=0xdc Src=0x00 Dst=0x0a data[8]=07 0d 3d 05 19 00 0b 86 
2012-12-26T13:04:36+0100 SERIAL : Unknown message: Hdr=0xdc Src=0x0a Dst=0x00 data[5]=06 3d 0d 05 19 
2012-12-26T13:04:36+0100 SERIAL : Unknown message: Hdr=0xdc Src=0x00 Dst=0x0a data[8]=07 0d 3d 05 19 00 0b f4 
2012-12-26T13:04:46+0100 SERIAL : Unknown message: Hdr=0xdc Src=0x0a Dst=0x00 data[5]=06 3d 0d 05 19 
2012-12-26T13:04:46+0100 SERIAL : Unknown message: Hdr=0xdc Src=0x00 Dst=0x0a data[8]=07 0d 3d 05 19 00 0c 1e 
2012-12-26T13:04:56+0100 SERIAL : Unknown message: Hdr=0xdc Src=0x0a Dst=0x00 data[5]=06 3d 0d 05 19 
2012-12-26T13:04:57+0100 SERIAL : Unknown message: Hdr=0xdc Src=0x00 Dst=0x0a data[8]=07 0d 3d 05 19 00 0c 25 
2012-12-26T13:05:07+0100 SERIAL : Unknown message: Hdr=0xdc Src=0x0a Dst=0x00 data[5]=06 3d 0d 05 19 
2012-12-26T13:05:07+0100 SERIAL : Unknown message: Hdr=0xdc Src=0x00 Dst=0x0a data[8]=07 0d 3d 05 19 00 0c 25 
2012-12-26T13:05:17+0100 SERIAL : Unknown message: Hdr=0xdc Src=0x0a Dst=0x00 data[5]=06 3d 0d 05 19 
2012-12-26T13:05:17+0100 SERIAL : Unknown message: Hdr=0xdc Src=0x00 Dst=0x0a data[8]=07 0d 3d 05 19 00 0c 25 
2012-12-26T13:05:19+0100 SERIAL : Unknown message: Hdr=0xdc Src=0x06 Dst=0x00 data[8]=02 3d 2d 02 15 05 6f 00 
2012-12-26T13:05:27+0100 SERIAL : Unknown message: Hdr=0xdc Src=0x0a Dst=0x00 data[5]=06 3d 0d 05 19 
2012-12-26T13:05:27+0100 SERIAL : Unknown message: Hdr=0xdc Src=0x00 Dst=0x0a data[8]=07 0d 3d 05 19 00 0c 1e 
2012-12-26T13:05:37+0100 SERIAL : Unknown message: Hdr=0xdc Src=0x0a Dst=0x00 data[5]=06 3d 0d 05 19 
2012-12-26T13:05:37+0100 SERIAL : Unknown message: Hdr=0xdc Src=0x00 Dst=0x0a data[8]=07 0d 3d 05 19 00 0c 25 
2012-12-26T13:05:47+0100 SERIAL : Unknown message: Hdr=0xdc Src=0x0a Dst=0x00 data[5]=06 3d 0d 05 19 
2012-12-26T13:05:47+0100 SERIAL : Unknown message: Hdr=0xdc Src=0x00 Dst=0x0a data[8]=07 0d 3d 05 19 00 0c 1e 
2012-12-26T13:05:57+0100 SERIAL : Unknown message: Hdr=0xdc Src=0x0a Dst=0x00 data[5]=06 3d 0d 05 19 
2012-12-26T13:05:57+0100 SERIAL : Unknown message: Hdr=0xdc Src=0x00 Dst=0x0a data[8]=07 0d 3d 05 19 00 0c 25 
2012-12-26T13:06:07+0100 SERIAL : Unknown message: Hdr=0xdc Src=0x0a Dst=0x00 data[5]=06 3d 0d 05 19 
2012-12-26T13:06:07+0100 SERIAL : Unknown message: Hdr=0xdc Src=0x00 Dst=0x0a data[8]=07 0d 3d 05 19 00 0c 1e 
2012-12-26T13:06:17+0100 SERIAL : Unknown message: Hdr=0xdc Src=0x0a Dst=0x00 data[5]=06 3d 0d 05 19 
2012-12-26T13:06:17+0100 SERIAL : Unknown message: Hdr=0xdc Src=0x00 Dst=0x0a data[8]=07 0d 3d 05 19 00 0c 25 
2012-12-26T13:06:19+0100 SERIAL : Unknown message: Hdr=0xdc Src=0x06 Dst=0x00 data[8]=02 3d 2d 02 15 05 6f 00 
2012-12-26T13:06:27+0100 SERIAL : Unknown message: Hdr=0xdc Src=0x0a Dst=0x00 data[5]=06 3d 0d 05 19 
2012-12-26T13:06:27+0100 SERIAL : Unknown message: Hdr=0xdc Src=0x00 Dst=0x0a data[8]=07 0d 3d 05 19 00 0c 32 
2012-12-26T13:06:37+0100 SERIAL : Unknown message: Hdr=0xdc Src=0x0a Dst=0x00 data[5]=06 3d 0d 05 19 
2012-12-26T13:06:38+0100 SERIAL : Unknown message: Hdr=0xdc Src=0x00 Dst=0x0a data[8]=07 0d 3d 05 19 00 0c 32 
2012-12-26T13:06:48+0100 SERIAL : Unknown message: Hdr=0xdc Src=0x0a Dst=0x00 data[5]=06 3d 0d 05 19 
2012-12-26T13:06:48+0100 SERIAL : Unknown message: Hdr=0xdc Src=0x00 Dst=0x0a data[8]=07 0d 3d 05 19 00 0c 3a 
2012-12-26T13:06:58+0100 SERIAL : Unknown message: Hdr=0xdc Src=0x0a Dst=0x00 data[5]=06 3d 0d 05 19 
2012-12-26T13:06:58+0100 SERIAL : Unknown message: Hdr=0xdc Src=0x00 Dst=0x0a data[8]=07 0d 3d 05 19 00 0c 40 
2012-12-26T13:07:08+0100 SERIAL : Unknown message: Hdr=0xdc Src=0x0a Dst=0x00 data[5]=06 3d 0d 05 19 
2012-12-26T13:07:08+0100 SERIAL : Unknown message: Hdr=0xdc Src=0x00 Dst=0x0a data[8]=07 0d 3d 05 19 00 0c 47 
2012-12-26T13:07:18+0100 SERIAL : Unknown message: Hdr=0xdc Src=0x0a Dst=0x00 data[5]=06 3d 0d 05 19 
2012-12-26T13:07:18+0100 SERIAL : Unknown message: Hdr=0xdc Src=0x00 Dst=0x0a data[8]=07 0d 3d 05 19 00 0c 4e 
2012-12-26T13:07:19+0100 SERIAL : Unknown message: Hdr=0xdc Src=0x06 Dst=0x00 data[8]=02 3d 2d 02 15 05 6f 00 
2012-12-26T13:07:25+0100 SERIAL : Unknown message: Hdr=0xdc Src=0x06 Dst=0x7f data[14]=02 05 00 00 6c 00 70 0c 1a 03 0d 07 06 00 
2012-12-26T13:07:28+0100 SERIAL : Unknown message: Hdr=0xdc Src=0x0a Dst=0x00 data[5]=06 3d 0d 05 19 
2012-12-26T13:07:28+0100 SERIAL : Unknown message: Hdr=0xdc Src=0x00 Dst=0x0a data[8]=07 0d 3d 05 19 00 0c 4e 
2012-12-26T13:07:38+0100 SERIAL : Unknown message: Hdr=0xdc Src=0x0a Dst=0x00 data[5]=06 3d 0d 05 19 
2012-12-26T13:07:38+0100 SERIAL : Unknown message: Hdr=0xdc Src=0x00 Dst=0x0a data[8]=07 0d 3d 05 19 00 0c 4e 
2012-12-26T13:07:48+0100 SERIAL : Unknown message: Hdr=0xdc Src=0x0a Dst=0x00 data[5]=06 3d 0d 05 19 
2012-12-26T13:07:48+0100 SERIAL : Unknown message: Hdr=0xdc Src=0x00 Dst=0x0a data[8]=07 0d 3d 05 19 00 0c 4e 
2012-12-26T13:07:58+0100 SERIAL : Unknown message: Hdr=0xdc Src=0x0a Dst=0x00 data[5]=06 3d 0d 05 19 
2012-12-26T13:07:58+0100 SERIAL : Unknown message: Hdr=0xdc Src=0x00 Dst=0x0a data[8]=07 0d 3d 05 19 00 0c 4e 
2012-12-26T13:08:08+0100 SERIAL : Unknown message: Hdr=0xdc Src=0x0a Dst=0x00 data[5]=06 3d 0d 05 19 
2012-12-26T13:08:08+0100 SERIAL : Unknown message: Hdr=0xdc Src=0x00 Dst=0x0a data[8]=07 0d 3d 05 19 00 0c 4e 
2012-12-26T13:08:18+0100 SERIAL : Unknown message: Hdr=0xdc Src=0x0a Dst=0x00 data[5]=06 3d 0d 05 19 
2012-12-26T13:08:19+0100 SERIAL : Unknown message: Hdr=0xdc Src=0x00 Dst=0x0a data[8]=07 0d 3d 05 19 00 0c 55 
2012-12-26T13:08:19+0100 SERIAL : Unknown message: Hdr=0xdc Src=0x06 Dst=0x00 data[8]=02 3d 2d 02 15 05 6f 00 
2012-12-26T13:08:29+0100 SERIAL : Unknown message: Hdr=0xdc Src=0x0a Dst=0x00 data[5]=06 3d 0d 05 19 
2012-12-26T13:08:29+0100 SERIAL : Unknown message: Hdr=0xdc Src=0x00 Dst=0x0a data[8]=07 0d 3d 05 19 00 0c 4e 
2012-12-26T13:08:39+0100 SERIAL : Unknown message: Hdr=0xdc Src=0x0a Dst=0x00 data[5]=06 3d 0d 05 19 
2012-12-26T13:08:39+0100 SERIAL : Unknown message: Hdr=0xdc Src=0x00 Dst=0x0a data[8]=07 0d 3d 05 19 00 0c 55 
2012-12-26T13:08:49+0100 SERIAL : Unknown message: Hdr=0xdc Src=0x0a Dst=0x00 data[5]=06 3d 0d 05 19 
2012-12-26T13:08:49+0100 SERIAL : Unknown message: Hdr=0xdc Src=0x00 Dst=0x0a data[8]=07 0d 3d 05 19 00 0c 4e 
2012-12-26T13:08:59+0100 SERIAL : Unknown message: Hdr=0xdc Src=0x0a Dst=0x00 data[5]=06 3d 0d 05 19 
2012-12-26T13:08:59+0100 SERIAL : Unknown message: Hdr=0xdc Src=0x00 Dst=0x0a data[8]=07 0d 3d 05 19 00 0c 4e 
2012-12-26T13:09:09+0100 SERIAL : Unknown message: Hdr=0xdc Src=0x0a Dst=0x00 data[5]=06 3d 0d 05 19 
2012-12-26T13:09:09+0100 SERIAL : Unknown message: Hdr=0xdc Src=0x00 Dst=0x0a data[8]=07 0d 3d 05 19 00 0c 4e 
2012-12-26T13:09:19+0100 SERIAL : Unknown message: Hdr=0xdc Src=0x06 Dst=0x00 data[8]=02 3d 2d 02 15 05 6f 00 
2012-12-26T13:09:19+0100 SERIAL : Unknown message: Hdr=0xdc Src=0x0a Dst=0x00 data[5]=06 3d 0d 05 19 
2012-12-26T13:09:19+0100 SERIAL : Unknown message: Hdr=0xdc Src=0x00 Dst=0x0a data[8]=07 0d 3d 05 19 00 0c 55 
2012-12-26T13:09:29+0100 SERIAL : Unknown message: Hdr=0xdc Src=0x0a Dst=0x00 data[5]=06 3d 0d 05 19 
2012-12-26T13:09:29+0100 SERIAL : Unknown message: Hdr=0xdc Src=0x00 Dst=0x0a data[8]=07 0d 3d 05 19 00 0c 55 
2012-12-26T13:09:39+0100 SERIAL : Unknown message: Hdr=0xdc Src=0x0a Dst=0x00 data[5]=06 3d 0d 05 19 
2012-12-26T13:09:39+0100 SERIAL : Unknown message: Hdr=0xdc Src=0x00 Dst=0x0a data[8]=07 0d 3d 05 19 00 0c 55 
2012-12-26T13:09:49+0100 SERIAL : Unknown message: Hdr=0xdc Src=0x0a Dst=0x00 data[5]=06 3d 0d 05 19 
2012-12-26T13:09:49+0100 SERIAL : Unknown message: Hdr=0xdc Src=0x00 Dst=0x0a data[8]=07 0d 3d 05 19 00 0c 5c 
2012-12-26T13:09:59+0100 SERIAL : Unknown message: Hdr=0xdc Src=0x0a Dst=0x00 data[5]=06 3d 0d 05 19 
2012-12-26T13:10:00+0100 SERIAL : Unknown message: Hdr=0xdc Src=0x00 Dst=0x0a data[8]=07 0d 3d 05 19 00 0c 62 
2012-12-26T13:10:10+0100 SERIAL : Unknown message: Hdr=0xdc Src=0x0a Dst=0x00 data[5]=06 3d 0d 05 19 
2012-12-26T13:10:10+0100 SERIAL : Unknown message: Hdr=0xdc Src=0x00 Dst=0x0a data[8]=07 0d 3d 05 19 00 0c 62 
2012-12-26T13:10:19+0100 SERIAL : Unknown message: Hdr=0xdc Src=0x06 Dst=0x00 data[8]=02 3d 2d 02 15 05 6f 00 
2012-12-26T13:10:20+0100 SERIAL : Unknown message: Hdr=0xdc Src=0x0a Dst=0x00 data[5]=06 3d 0d 05 19 
2012-12-26T13:10:20+0100 SERIAL : Unknown message: Hdr=0xdc Src=0x00 Dst=0x0a data[8]=07 0d 3d 05 19 00 0c 5c 
2012-12-26T13:10:30+0100 SERIAL : Unknown message: Hdr=0xdc Src=0x0a Dst=0x00 data[5]=06 3d 0d 05 19 
2012-12-26T13:10:30+0100 SERIAL : Unknown message: Hdr=0xdc Src=0x00 Dst=0x0a data[8]=07 0d 3d 05 19 00 0c 62 
2012-12-26T13:10:40+0100 SERIAL : Unknown message: Hdr=0xdc Src=0x0a Dst=0x00 data[5]=06 3d 0d 05 19 
2012-12-26T13:10:40+0100 SERIAL : Unknown message: Hdr=0xdc Src=0x00 Dst=0x0a data[8]=07 0d 3d 05 19 00 0c 5c 
2012-12-26T13:10:50+0100 SERIAL : Unknown message: Hdr=0xdc Src=0x0a Dst=0x00 data[5]=06 3d 0d 05 19 
2012-12-26T13:10:50+0100 SERIAL : Unknown message: Hdr=0xdc Src=0x00 Dst=0x0a data[8]=07 0d 3d 05 19 00 0c 5c 
2012-12-26T13:10:51+0100 SERIAL : Unknown message: Hdr=0xdc Src=0x00 Dst=0x7f data[8]=02 31 00 02 12 01 00 c5 
2012-12-26T13:11:00+0100 SERIAL : Unknown message: Hdr=0xdc Src=0x0a Dst=0x00 data[5]=06 3d 0d 05 19 
2012-12-26T13:11:00+0100 SERIAL : Unknown message: Hdr=0xdc Src=0x00 Dst=0x0a data[8]=07 0d 3d 05 19 00 0c 5c 
2012-12-26T13:11:10+0100 SERIAL : Unknown message: Hdr=0xdc Src=0x0a Dst=0x00 data[5]=06 3d 0d 05 19 
2012-12-26T13:11:10+0100 SERIAL : Unknown message: Hdr=0xdc Src=0x00 Dst=0x0a data[8]=07 0d 3d 05 19 00 0c 62 
2012-12-26T13:11:19+0100 SERIAL : Unknown message: Hdr=0xdc Src=0x06 Dst=0x00 data[8]=02 3d 2d 02 15 05 6f 00 
2012-12-26T13:11:20+0100 SERIAL : Unknown message: Hdr=0xdc Src=0x0a Dst=0x00 data[5]=06 3d 0d 05 19 
2012-12-26T13:11:20+0100 SERIAL : Unknown message: Hdr=0xdc Src=0x00 Dst=0x0a data[8]=07 0d 3d 05 19 00 0c 62 
2012-12-26T13:11:30+0100 SERIAL : Unknown message: Hdr=0xdc Src=0x0a Dst=0x00 data[5]=06 3d 0d 05 19 
2012-12-26T13:11:30+0100 SERIAL : Unknown message: Hdr=0xdc Src=0x00 Dst=0x0a data[8]=07 0d 3d 05 19 00 0c 62 
2012-12-26T13:11:40+0100 SERIAL : Unknown message: Hdr=0xdc Src=0x0a Dst=0x00 data[5]=06 3d 0d 05 19 
2012-12-26T13:11:41+0100 SERIAL : Unknown message: Hdr=0xdc Src=0x00 Dst=0x0a data[8]=07 0d 3d 05 19 00 0c 62 
2012-12-26T13:11:50+0100 SERIAL : Unknown message: Hdr=0xdc Src=0x00 Dst=0x7f data[15]=02 2d 00 02 11 01 02 24 87 ff ff ff ff 02 01 
2012-12-26T13:11:51+0100 SERIAL : Unknown message: Hdr=0xdc Src=0x0a Dst=0x00 data[5]=06 3d 0d 05 19 
2012-12-26T13:11:51+0100 SERIAL : Unknown message: Hdr=0xdc Src=0x00 Dst=0x0a data[8]=07 0d 3d 05 19 00 0c 62 
2012-12-26T13:12:01+0100 SERIAL : Unknown message: Hdr=0xdc Src=0x0a Dst=0x00 data[5]=06 3d 0d 05 19 
2012-12-26T13:12:01+0100 SERIAL : Unknown message: Hdr=0xdc Src=0x00 Dst=0x0a data[8]=07 0d 3d 05 19 00 0c 62 
2012-12-26T13:12:11+0100 SERIAL : Unknown message: Hdr=0xdc Src=0x0a Dst=0x00 data[5]=06 3d 0d 05 19 
2012-12-26T13:12:11+0100 SERIAL : Unknown message: Hdr=0xdc Src=0x00 Dst=0x0a data[8]=07 0d 3d 05 19 00 0c 62 
2012-12-26T13:12:19+0100 SERIAL : Unknown message: Hdr=0xdc Src=0x06 Dst=0x00 data[8]=02 3d 2d 02 15 05 6f 00 
2012-12-26T13:12:21+0100 SERIAL : Unknown message: Hdr=0xdc Src=0x0a Dst=0x00 data[5]=06 3d 0d 05 19 
2012-12-26T13:12:21+0100 SERIAL : Unknown message: Hdr=0xdc Src=0x00 Dst=0x0a data[8]=07 0d 3d 05 19 00 0c 69 
2012-12-26T13:12:25+0100 SERIAL : Unknown message: Hdr=0xdc Src=0x06 Dst=0x7f data[14]=02 05 00 00 6c 00 70 0c 1a 03 0d 0c 06 00 
2012-12-26T13:12:31+0100 SERIAL : Unknown message: Hdr=0xdc Src=0x0a Dst=0x00 data[5]=06 3d 0d 05 19 
2012-12-26T13:12:31+0100 SERIAL : Unknown message: Hdr=0xdc Src=0x00 Dst=0x0a data[8]=07 0d 3d 05 19 00 0c 69 
2012-12-26T13:12:41+0100 SERIAL : Unknown message: Hdr=0xdc Src=0x0a Dst=0x00 data[5]=06 3d 0d 05 19 
2012-12-26T13:12:41+0100 SERIAL : Unknown message: Hdr=0xdc Src=0x00 Dst=0x0a data[8]=07 0d 3d 05 19 00 0c 69 
2012-12-26T13:12:51+0100 SERIAL : Unknown message: Hdr=0xdc Src=0x0a Dst=0x00 data[5]=06 3d 0d 05 19 
2012-12-26T13:12:51+0100 SERIAL : Unknown message: Hdr=0xdc Src=0x00 Dst=0x0a data[8]=07 0d 3d 05 19 00 0c 69 
2012-12-26T13:13:01+0100 SERIAL : Unknown message: Hdr=0xdc Src=0x0a Dst=0x00 data[5]=06 3d 0d 05 19 
2012-12-26T13:13:01+0100 SERIAL : Unknown message: Hdr=0xdc Src=0x00 Dst=0x0a data[8]=07 0d 3d 05 19 00 0c 69 
2012-12-26T13:13:11+0100 SERIAL : Unknown message: Hdr=0xdc Src=0x0a Dst=0x00 data[5]=06 3d 0d 05 19 
2012-12-26T13:13:11+0100 SERIAL : Unknown message: Hdr=0xdc Src=0x00 Dst=0x0a data[8]=07 0d 3d 05 19 00 0c 71 
2012-12-26T13:13:19+0100 SERIAL : Unknown message: Hdr=0xdc Src=0x06 Dst=0x00 data[8]=02 3d 2d 02 15 05 6f 00 
2012-12-26T13:13:21+0100 SERIAL : Unknown message: Hdr=0xdc Src=0x0a Dst=0x00 data[5]=06 3d 0d 05 19 
2012-12-26T13:13:22+0100 SERIAL : Unknown message: Hdr=0xdc Src=0x00 Dst=0x0a data[8]=07 0d 3d 05 19 00 0c 77 
2012-12-26T13:13:28+0100 SERIAL : Unknown message: Hdr=0xdc Src=0x00 Dst=0x7f data[15]=02 2e 00 02 11 00 00 ff ff ff ff ff ff 00 00 
2012-12-26T13:13:32+0100 SERIAL : Unknown message: Hdr=0xdc Src=0x0a Dst=0x00 data[5]=06 3d 0d 05 19 
2012-12-26T13:13:32+0100 SERIAL : Unknown message: Hdr=0xdc Src=0x00 Dst=0x0a data[8]=07 0d 3d 05 19 00 0c 77 
2012-12-26T13:13:38+0100 SERIAL : Unknown message: Hdr=0xdc Src=0x00 Dst=0x7f data[9]=02 05 00 02 13 04 00 00 19 
2012-12-26T13:13:42+0100 SERIAL : Unknown message: Hdr=0xdc Src=0x0a Dst=0x00 data[5]=06 3d 0d 05 19 
2012-12-26T13:13:42+0100 SERIAL : Unknown message: Hdr=0xdc Src=0x00 Dst=0x0a data[8]=07 0d 3d 05 19 00 0c 77 
2012-12-26T13:13:52+0100 SERIAL : Unknown message: Hdr=0xdc Src=0x0a Dst=0x00 data[5]=06 3d 0d 05 19 
2012-12-26T13:13:52+0100 SERIAL : Unknown message: Hdr=0xdc Src=0x00 Dst=0x0a data[8]=07 0d 3d 05 19 00 0c 77 
2012-12-26T13:14:02+0100 SERIAL : Unknown message: Hdr=0xdc Src=0x0a Dst=0x00 data[5]=06 3d 0d 05 19 
2012-12-26T13:14:02+0100 SERIAL : Unknown message: Hdr=0xdc Src=0x00 Dst=0x0a data[8]=07 0d 3d 05 19 00 0c 77 
2012-12-26T13:14:12+0100 SERIAL : Unknown message: Hdr=0xdc Src=0x0a Dst=0x00 data[5]=06 3d 0d 05 19 
2012-12-26T13:14:12+0100 SERIAL : Unknown message: Hdr=0xdc Src=0x00 Dst=0x0a data[8]=07 0d 3d 05 19 00 0c 7d 
2012-12-26T13:14:19+0100 SERIAL : Unknown message: Hdr=0xdc Src=0x06 Dst=0x00 data[8]=02 3d 2d 02 15 05 6f 00 
2012-12-26T13:14:22+0100 SERIAL : Unknown message: Hdr=0xdc Src=0x0a Dst=0x00 data[5]=06 3d 0d 05 19 
2012-12-26T13:14:22+0100 SERIAL : Unknown message: Hdr=0xdc Src=0x00 Dst=0x0a data[8]=07 0d 3d 05 19 00 0c 7d 
2012-12-26T13:14:32+0100 SERIAL : Unknown message: Hdr=0xdc Src=0x0a Dst=0x00 data[5]=06 3d 0d 05 19 
2012-12-26T13:14:32+0100 SERIAL : Unknown message: Hdr=0xdc Src=0x00 Dst=0x0a data[8]=07 0d 3d 05 19 00 0c 84 
2012-12-26T13:14:42+0100 SERIAL : Unknown message: Hdr=0xdc Src=0x0a Dst=0x00 data[5]=06 3d 0d 05 19 
2012-12-26T13:14:42+0100 SERIAL : Unknown message: Hdr=0xdc Src=0x00 Dst=0x0a data[8]=07 0d 3d 05 19 00 0c 7d 
2012-12-26T13:14:52+0100 SERIAL : Unknown message: Hdr=0xdc Src=0x0a Dst=0x00 data[5]=06 3d 0d 05 19 
2012-12-26T13:14:52+0100 SERIAL : Unknown message: Hdr=0xdc Src=0x00 Dst=0x0a data[8]=07 0d 3d 05 19 00 0c 7d 
2012-12-26T13:15:02+0100 SERIAL : Unknown message: Hdr=0xdc Src=0x0a Dst=0x00 data[5]=06 3d 0d 05 19 
2012-12-26T13:15:03+0100 SERIAL : Unknown message: Hdr=0xdc Src=0x00 Dst=0x0a data[8]=07 0d 3d 05 19 00 0c 84 
2012-12-26T13:15:13+0100 SERIAL : Unknown message: Hdr=0xdc Src=0x0a Dst=0x00 data[5]=06 3d 0d 05 19 
2012-12-26T13:15:13+0100 SERIAL : Unknown message: Hdr=0xdc Src=0x00 Dst=0x0a data[8]=07 0d 3d 05 19 00 0c 84 
2012-12-26T13:15:19+0100 SERIAL : Unknown message: Hdr=0xdc Src=0x06 Dst=0x00 data[8]=02 3d 2d 02 15 05 6f 00 
2012-12-26T13:15:23+0100 SERIAL : Unknown message: Hdr=0xdc Src=0x0a Dst=0x00 data[5]=06 3d 0d 05 19 
2012-12-26T13:15:23+0100 SERIAL : Unknown message: Hdr=0xdc Src=0x00 Dst=0x0a data[8]=07 0d 3d 05 19 00 0c 7d 
2012-12-26T13:15:33+0100 SERIAL : Unknown message: Hdr=0xdc Src=0x0a Dst=0x00 data[5]=06 3d 0d 05 19 
2012-12-26T13:15:33+0100 SERIAL : Unknown message: Hdr=0xdc Src=0x00 Dst=0x0a data[8]=07 0d 3d 05 19 00 0c 84 
2012-12-26T13:15:43+0100 SERIAL : Unknown message: Hdr=0xdc Src=0x0a Dst=0x00 data[5]=06 3d 0d 05 19 
2012-12-26T13:15:43+0100 SERIAL : Unknown message: Hdr=0xdc Src=0x00 Dst=0x0a data[8]=07 0d 3d 05 19 00 0c 84 
2012-12-26T13:15:53+0100 SERIAL : Unknown message: Hdr=0xdc Src=0x0a Dst=0x00 data[5]=06 3d 0d 05 19 
2012-12-26T13:15:53+0100 SERIAL : Unknown message: Hdr=0xdc Src=0x00 Dst=0x0a data[8]=07 0d 3d 05 19 00 0c 84 
2012-12-26T13:16:03+0100 SERIAL : Unknown message: Hdr=0xdc Src=0x0a Dst=0x00 data[5]=06 3d 0d 05 19 
2012-12-26T13:16:03+0100 SERIAL : Unknown message: Hdr=0xdc Src=0x00 Dst=0x0a data[8]=07 0d 3d 05 19 00 0c 8c 
2012-12-26T13:16:13+0100 SERIAL : Unknown message: Hdr=0xdc Src=0x0a Dst=0x00 data[5]=06 3d 0d 05 19 
2012-12-26T13:16:13+0100 SERIAL : Unknown message: Hdr=0xdc Src=0x00 Dst=0x0a data[8]=07 0d 3d 05 19 00 0c 8c 
2012-12-26T13:16:19+0100 SERIAL : Unknown message: Hdr=0xdc Src=0x06 Dst=0x00 data[8]=02 3d 2d 02 15 05 6f 00 
2012-12-26T13:16:23+0100 SERIAL : Unknown message: Hdr=0xdc Src=0x0a Dst=0x00 data[5]=06 3d 0d 05 19 
2012-12-26T13:16:23+0100 SERIAL : Unknown message: Hdr=0xdc Src=0x00 Dst=0x0a data[8]=07 0d 3d 05 19 00 0c 8c 
2012-12-26T13:16:33+0100 SERIAL : Unknown message: Hdr=0xdc Src=0x0a Dst=0x00 data[5]=06 3d 0d 05 19 
2012-12-26T13:16:33+0100 SERIAL : Unknown message: Hdr=0xdc Src=0x00 Dst=0x0a data[8]=07 0d 3d 05 19 00 0c 8c 
2012-12-26T13:16:43+0100 SERIAL : Unknown message: Hdr=0xdc Src=0x0a Dst=0x00 data[5]=06 3d 0d 05 19 
2012-12-26T13:16:44+0100 SERIAL : Unknown message: Hdr=0xdc Src=0x00 Dst=0x0a data[8]=07 0d 3d 05 19 00 0c 8c 
2012-12-26T13:16:54+0100 SERIAL : Unknown message: Hdr=0xdc Src=0x0a Dst=0x00 data[5]=06 3d 0d 05 19 
2012-12-26T13:16:54+0100 SERIAL : Unknown message: Hdr=0xdc Src=0x00 Dst=0x0a data[8]=07 0d 3d 05 19 00 0c 8c 
2012-12-26T13:17:04+0100 SERIAL : Unknown message: Hdr=0xdc Src=0x0a Dst=0x00 data[5]=06 3d 0d 05 19 
2012-12-26T13:17:04+0100 SERIAL : Unknown message: Hdr=0xdc Src=0x00 Dst=0x0a data[8]=07 0d 3d 05 19 00 0c 8c 
2012-12-26T13:17:14+0100 SERIAL : Unknown message: Hdr=0xdc Src=0x0a Dst=0x00 data[5]=06 3d 0d 05 19 
2012-12-26T13:17:14+0100 SERIAL : Unknown message: Hdr=0xdc Src=0x00 Dst=0x0a data[8]=07 0d 3d 05 19 00 0c 8c 
2012-12-26T13:17:19+0100 SERIAL : Unknown message: Hdr=0xdc Src=0x06 Dst=0x00 data[8]=02 3d 2d 02 15 05 6f 00 
2012-12-26T13:17:24+0100 SERIAL : Unknown message: Hdr=0xdc Src=0x0a Dst=0x00 data[5]=06 3d 0d 05 19 
2012-12-26T13:17:24+0100 SERIAL : Unknown message: Hdr=0xdc Src=0x00 Dst=0x0a data[8]=07 0d 3d 05 19 00 0c 92 
2012-12-26T13:17:25+0100 SERIAL : Unknown message: Hdr=0xdc Src=0x06 Dst=0x7f data[14]=02 05 00 00 6c 00 70 0c 1a 03 0d 11 06 00 
2012-12-26T13:17:34+0100 SERIAL : Unknown message: Hdr=0xdc Src=0x0a Dst=0x00 data[5]=06 3d 0d 05 19 
2012-12-26T13:17:34+0100 SERIAL : Unknown message: Hdr=0xdc Src=0x00 Dst=0x0a data[8]=07 0d 3d 05 19 00 0c 92 
2012-12-26T13:17:44+0100 SERIAL : Unknown message: Hdr=0xdc Src=0x0a Dst=0x00 data[5]=06 3d 0d 05 19 
2012-12-26T13:17:44+0100 SERIAL : Unknown message: Hdr=0xdc Src=0x00 Dst=0x0a data[8]=07 0d 3d 05 19 00 0c 92 
2012-12-26T13:17:54+0100 SERIAL : Unknown message: Hdr=0xdc Src=0x0a Dst=0x00 data[5]=06 3d 0d 05 19 
2012-12-26T13:17:54+0100 SERIAL : Unknown message: Hdr=0xdc Src=0x00 Dst=0x0a data[8]=07 0d 3d 05 19 00 0c 99 
2012-12-26T13:18:04+0100 SERIAL : Unknown message: Hdr=0xdc Src=0x0a Dst=0x00 data[5]=06 3d 0d 05 19 
2012-12-26T13:18:04+0100 SERIAL : Unknown message: Hdr=0xdc Src=0x00 Dst=0x0a data[8]=07 0d 3d 05 19 00 0c 92 
2012-12-26T13:18:14+0100 SERIAL : Unknown message: Hdr=0xdc Src=0x0a Dst=0x00 data[5]=06 3d 0d 05 19 
2012-12-26T13:18:14+0100 SERIAL : Unknown message: Hdr=0xdc Src=0x00 Dst=0x0a data[8]=07 0d 3d 05 19 00 0c 92 
2012-12-26T13:18:19+0100 SERIAL : Unknown message: Hdr=0xdc Src=0x06 Dst=0x00 data[8]=02 3d 2d 02 15 05 6f 00 
2012-12-26T13:18:24+0100 SERIAL : Unknown message: Hdr=0xdc Src=0x0a Dst=0x00 data[5]=06 3d 0d 05 19 
2012-12-26T13:18:25+0100 SERIAL : Unknown message: Hdr=0xdc Src=0x00 Dst=0x0a data[8]=07 0d 3d 05 19 00 0c 92 
2012-12-26T13:18:35+0100 SERIAL : Unknown message: Hdr=0xdc Src=0x0a Dst=0x00 data[5]=06 3d 0d 05 19 
2012-12-26T13:18:35+0100 SERIAL : Unknown message: Hdr=0xdc Src=0x00 Dst=0x0a data[8]=07 0d 3d 05 19 00 0c 92 
2012-12-26T13:18:45+0100 SERIAL : Unknown message: Hdr=0xdc Src=0x0a Dst=0x00 data[5]=06 3d 0d 05 19 
2012-12-26T13:18:45+0100 SERIAL : Unknown message: Hdr=0xdc Src=0x00 Dst=0x0a data[8]=07 0d 3d 05 19 00 0c 92 
2012-12-26T13:18:55+0100 SERIAL : Unknown message: Hdr=0xdc Src=0x0a Dst=0x00 data[5]=06 3d 0d 05 19 
2012-12-26T13:18:55+0100 SERIAL : Unknown message: Hdr=0xdc Src=0x00 Dst=0x0a data[8]=07 0d 3d 05 19 00 0c 92 
2012-12-26T13:19:05+0100 SERIAL : Unknown message: Hdr=0xdc Src=0x0a Dst=0x00 data[5]=06 3d 0d 05 19 
2012-12-26T13:19:05+0100 SERIAL : Unknown message: Hdr=0xdc Src=0x00 Dst=0x0a data[8]=07 0d 3d 05 19 00 0c 99 
2012-12-26T13:19:15+0100 SERIAL : Unknown message: Hdr=0xdc Src=0x0a Dst=0x00 data[5]=06 3d 0d 05 19 
2012-12-26T13:19:15+0100 SERIAL : Unknown message: Hdr=0xdc Src=0x00 Dst=0x0a data[8]=07 0d 3d 05 19 00 0c 99 
2012-12-26T13:19:19+0100 SERIAL : Unknown message: Hdr=0xdc Src=0x06 Dst=0x00 data[8]=02 3d 2d 02 15 05 6f 00 
2012-12-26T13:19:25+0100 SERIAL : Unknown message: Hdr=0xdc Src=0x0a Dst=0x00 data[5]=06 3d 0d 05 19 
2012-12-26T13:19:25+0100 SERIAL : Unknown message: Hdr=0xdc Src=0x00 Dst=0x0a data[8]=07 0d 3d 05 19 00 0c 92 
2012-12-26T13:19:35+0100 SERIAL : Unknown message: Hdr=0xdc Src=0x0a Dst=0x00 data[5]=06 3d 0d 05 19 
2012-12-26T13:19:35+0100 SERIAL : Unknown message: Hdr=0xdc Src=0x00 Dst=0x0a data[8]=07 0d 3d 05 19 00 0c 99 
2012-12-26T13:19:45+0100 SERIAL : Unknown message: Hdr=0xdc Src=0x0a Dst=0x00 data[5]=06 3d 0d 05 19 
2012-12-26T13:19:45+0100 SERIAL : Unknown message: Hdr=0xdc Src=0x00 Dst=0x0a data[8]=07 0d 3d 05 19 00 0c a0 
2012-12-26T13:19:55+0100 SERIAL : Unknown message: Hdr=0xdc Src=0x0a Dst=0x00 data[5]=06 3d 0d 05 19 
2012-12-26T13:19:55+0100 SERIAL : Unknown message: Hdr=0xdc Src=0x00 Dst=0x0a data[8]=07 0d 3d 05 19 00 0c a0 
2012-12-26T13:20:05+0100 SERIAL : Unknown message: Hdr=0xdc Src=0x0a Dst=0x00 data[5]=06 3d 0d 05 19 
2012-12-26T13:20:06+0100 SERIAL : Unknown message: Hdr=0xdc Src=0x00 Dst=0x0a data[8]=07 0d 3d 05 19 00 0c a0 
2012-12-26T13:20:16+0100 SERIAL : Unknown message: Hdr=0xdc Src=0x0a Dst=0x00 data[5]=06 3d 0d 05 19 
2012-12-26T13:20:16+0100 SERIAL : Unknown message: Hdr=0xdc Src=0x00 Dst=0x0a data[8]=07 0d 3d 05 19 00 0c a0 
2012-12-26T13:20:19+0100 SERIAL : Unknown message: Hdr=0xdc Src=0x06 Dst=0x00 data[8]=02 3d 2d 02 15 05 6f 00 
2012-12-26T13:20:26+0100 SERIAL : Unknown message: Hdr=0xdc Src=0x0a Dst=0x00 data[5]=06 3d 0d 05 19 
2012-12-26T13:20:26+0100 SERIAL : Unknown message: Hdr=0xdc Src=0x00 Dst=0x0a data[8]=07 0d 3d 05 19 00 0c a0 
2012-12-26T13:20:36+0100 SERIAL : Unknown message: Hdr=0xdc Src=0x0a Dst=0x00 data[5]=06 3d 0d 05 19 
2012-12-26T13:20:36+0100 SERIAL : Unknown message: Hdr=0xdc Src=0x00 Dst=0x0a data[8]=07 0d 3d 05 19 00 0c a0 
2012-12-26T13:20:45+0100 SERIAL : Unknown message: Hdr=0xdc Src=0x00 Dst=0x7f data[8]=02 31 00 02 12 01 00 c5 
2012-12-26T13:20:46+0100 SERIAL : Unknown message: Hdr=0xdc Src=0x0a Dst=0x00 data[5]=06 3d 0d 05 19 
2012-12-26T13:20:46+0100 SERIAL : Unknown message: Hdr=0xdc Src=0x00 Dst=0x0a data[8]=07 0d 3d 05 19 00 0c a0 
2012-12-26T13:20:56+0100 SERIAL : Unknown message: Hdr=0xdc Src=0x0a Dst=0x00 data[5]=06 3d 0d 05 19 
2012-12-26T13:20:56+0100 SERIAL : Unknown message: Hdr=0xdc Src=0x00 Dst=0x0a data[8]=07 0d 3d 05 19 00 0c a0 
2012-12-26T13:21:06+0100 SERIAL : Unknown message: Hdr=0xdc Src=0x0a Dst=0x00 data[5]=06 3d 0d 05 19 
2012-12-26T13:21:06+0100 SERIAL : Unknown message: Hdr=0xdc Src=0x00 Dst=0x0a data[8]=07 0d 3d 05 19 00 0c a0 
2012-12-26T13:21:16+0100 SERIAL : Unknown message: Hdr=0xdc Src=0x0a Dst=0x00 data[5]=06 3d 0d 05 19 
2012-12-26T13:21:16+0100 SERIAL : Unknown message: Hdr=0xdc Src=0x00 Dst=0x0a data[8]=07 0d 3d 05 19 00 0c a0 
2012-12-26T13:21:19+0100 SERIAL : Unknown message: Hdr=0xdc Src=0x06 Dst=0x00 data[8]=02 3d 2d 02 15 05 6f 00 
2012-12-26T13:21:26+0100 SERIAL : Unknown message: Hdr=0xdc Src=0x0a Dst=0x00 data[5]=06 3d 0d 05 19 
2012-12-26T13:21:26+0100 SERIAL : Unknown message: Hdr=0xdc Src=0x00 Dst=0x0a data[8]=07 0d 3d 05 19 00 0c a0 
2012-12-26T13:21:36+0100 SERIAL : Unknown message: Hdr=0xdc Src=0x0a Dst=0x00 data[5]=06 3d 0d 05 19 
2012-12-26T13:21:36+0100 SERIAL : Unknown message: Hdr=0xdc Src=0x00 Dst=0x0a data[8]=07 0d 3d 05 19 00 0c a0 
2012-12-26T13:21:43+0100 SERIAL : Unknown message: Hdr=0xdc Src=0x06 Dst=0x00 data[5]=06 3d 0d 05 19 
2012-12-26T13:21:43+0100 SERIAL : Unknown message: Hdr=0xdc Src=0x00 Dst=0x06 data[8]=07 0d 3d 05 19 00 0c a0 
2012-12-26T13:21:43+0100 SERIAL : Unknown message: Hdr=0xdc Src=0x06 Dst=0x00 data[5]=06 3d 0d 09 23 
2012-12-26T13:21:44+0100 SERIAL : Unknown message: Hdr=0xdc Src=0x00 Dst=0x06 data[8]=07 0d 3d 09 23 00 0b c0 
2012-12-26T13:21:44+0100 SERIAL : Unknown message: Hdr=0xdc Src=0x00 Dst=0x7f data[15]=02 2d 00 02 11 01 02 24 87 ff ff ff ff 02 01 
2012-12-26T13:21:45+0100 SERIAL : Unknown message: Hdr=0xdc Src=0x06 Dst=0x00 data[5]=06 3d 11 05 1a 
2012-12-26T13:21:45+0100 SERIAL : Unknown message: Hdr=0xdc Src=0x00 Dst=0x06 data[8]=07 11 3d 05 1a 00 08 af 
2012-12-26T13:21:45+0100 SERIAL : Unknown message: Hdr=0xdc Src=0x06 Dst=0x00 data[5]=06 3d 05 05 1d 
2012-12-26T13:21:45+0100 SERIAL : Unknown message: Hdr=0xdc Src=0x00 Dst=0x06 data[8]=07 05 3d 05 1d 01 00 00 
2012-12-26T13:21:46+0100 SERIAL : Unknown message: Hdr=0xdc Src=0x06 Dst=0x00 data[5]=06 3d 11 0c 82 
2012-12-26T13:21:46+0100 SERIAL : Unknown message: Hdr=0xdc Src=0x00 Dst=0x06 data[8]=07 11 3d 0c 82 00 04 1a 
2012-12-26T13:21:46+0100 SERIAL : Unknown message: Hdr=0xdc Src=0x06 Dst=0x00 data[5]=06 3d 11 30 5d 
2012-12-26T13:21:46+0100 SERIAL : Unknown message: Hdr=0xdc Src=0x00 Dst=0x06 data[7]=07 11 3d 30 5d 00 0f 
2012-12-26T13:21:46+0100 SERIAL : Unknown message: Hdr=0xdc Src=0x0a Dst=0x00 data[5]=06 3d 0d 05 19 
2012-12-26T13:21:46+0100 SERIAL : Unknown message: Hdr=0xdc Src=0x00 Dst=0x0a data[8]=07 0d 3d 05 19 00 0c a0 
2012-12-26T13:21:47+0100 SERIAL : Unknown message: Hdr=0xdc Src=0x06 Dst=0x00 data[5]=06 3d 11 30 5f 
2012-12-26T13:21:47+0100 SERIAL : Unknown message: Hdr=0xdc Src=0x00 Dst=0x06 data[7]=07 11 3d 30 5f 00 01 
2012-12-26T13:21:47+0100 SERIAL : Unknown message: Hdr=0xdc Src=0x06 Dst=0x00 data[5]=06 3d 11 30 63 
2012-12-26T13:21:48+0100 SERIAL : Unknown message: Hdr=0xdc Src=0x00 Dst=0x06 data[8]=07 11 3d 30 63 00 00 0f 
2012-12-26T13:21:48+0100 SERIAL : Unknown message: Hdr=0xdc Src=0x06 Dst=0x00 data[5]=06 3d 09 30 34 
2012-12-26T13:21:48+0100 SERIAL : Unknown message: Hdr=0xdc Src=0x00 Dst=0x06 data[7]=07 09 3d 30 34 00 0a 
2012-12-26T13:21:49+0100 SERIAL : Unknown message: Hdr=0xdc Src=0x06 Dst=0x00 data[5]=06 3d 15 2f f0 
2012-12-26T13:21:49+0100 SERIAL : Unknown message: Hdr=0xdc Src=0x00 Dst=0x06 data[8]=07 15 3d 2f f0 00 04 02 
2012-12-26T13:21:50+0100 SERIAL : Unknown message: Hdr=0xdc Src=0x06 Dst=0x00 data[5]=06 3d 09 30 36 
2012-12-26T13:21:50+0100 SERIAL : Unknown message: Hdr=0xdc Src=0x00 Dst=0x06 data[10]=07 09 3d 30 36 00 00 1f 6b c0 
2012-12-26T13:21:50+0100 SERIAL : Unknown message: Hdr=0xdc Src=0x06 Dst=0x00 data[5]=06 3d 09 30 35 
2012-12-26T13:21:50+0100 SERIAL : Unknown message: Hdr=0xdc Src=0x00 Dst=0x06 data[10]=07 09 3d 30 35 00 00 00 01 9a 
2012-12-26T13:21:51+0100 SERIAL : Unknown message: Hdr=0xdc Src=0x06 Dst=0x00 data[5]=06 3d 19 2f eb 
2012-12-26T13:21:51+0100 SERIAL : Unknown message: Hdr=0xdc Src=0x00 Dst=0x06 data[10]=07 19 3d 2f eb 00 00 1f 6b c0 
2012-12-26T13:21:51+0100 SERIAL : Unknown message: Hdr=0xdc Src=0x06 Dst=0x00 data[5]=06 3d 19 2f ec 
2012-12-26T13:21:51+0100 SERIAL : Unknown message: Hdr=0xdc Src=0x00 Dst=0x06 data[10]=07 19 3d 2f ec 00 00 00 c4 e0 
2012-12-26T13:21:52+0100 SERIAL : Unknown message: Hdr=0xdc Src=0x06 Dst=0x00 data[5]=06 3d 19 2f ed 
2012-12-26T13:21:52+0100 SERIAL : Unknown message: Hdr=0xdc Src=0x00 Dst=0x06 data[10]=07 19 3d 2f ed 00 00 00 00 00 
2012-12-26T13:21:52+0100 SERIAL : Unknown message: Hdr=0xdc Src=0x06 Dst=0x00 data[5]=06 3d 49 05 2a 
2012-12-26T13:21:53+0100 SERIAL : Unknown message: Hdr=0xdc Src=0x00 Dst=0x06 data[8]=07 49 3d 05 2a 01 00 00 
2012-12-26T13:21:53+0100 SERIAL : Unknown message: Hdr=0xdc Src=0x06 Dst=0x00 data[5]=06 3d 49 08 93 
2012-12-26T13:21:53+0100 SERIAL : Unknown message: Hdr=0xdc Src=0x00 Dst=0x06 data[10]=07 49 3d 08 93 00 00 00 00 00 
2012-12-26T13:21:54+0100 SERIAL : Unknown message: Hdr=0xdc Src=0x06 Dst=0x00 data[5]=06 3d 0d 05 19 
2012-12-26T13:21:54+0100 SERIAL : Unknown message: Hdr=0xdc Src=0x00 Dst=0x06 data[8]=07 0d 3d 05 19 00 0c a0 
2012-12-26T13:21:54+0100 SERIAL : Unknown message: Hdr=0xdc Src=0x06 Dst=0x00 data[5]=06 3d 0d 09 23 
2012-12-26T13:21:54+0100 SERIAL : Unknown message: Hdr=0xdc Src=0x00 Dst=0x06 data[8]=07 0d 3d 09 23 00 0b c0 
2012-12-26T13:21:54+0100 SERIAL : Unknown message: Hdr=0xdc Src=0x06 Dst=0x00 data[5]=06 3d 11 05 1a 
2012-12-26T13:21:55+0100 SERIAL : Unknown message: Hdr=0xdc Src=0x00 Dst=0x06 data[8]=07 11 3d 05 1a 00 08 af 
2012-12-26T13:21:57+0100 SERIAL : Unknown message: Hdr=0xdc Src=0x0a Dst=0x00 data[5]=06 3d 0d 05 19 
2012-12-26T13:21:57+0100 SERIAL : Unknown message: Hdr=0xdc Src=0x00 Dst=0x0a data[8]=07 0d 3d 05 19 00 0c a0 
2012-12-26T13:21:58+0100 SERIAL : Unknown message: Hdr=0xdc Src=0x06 Dst=0x00 data[5]=06 3d 0d 05 19 
2012-12-26T13:21:58+0100 SERIAL : Unknown message: Hdr=0xdc Src=0x00 Dst=0x06 data[8]=07 0d 3d 05 19 00 0c a0 
2012-12-26T13:21:59+0100 SERIAL : Unknown message: Hdr=0xdc Src=0x06 Dst=0x00 data[5]=06 3d 2d 05 93 
2012-12-26T13:21:59+0100 SERIAL : Unknown message: Hdr=0xdc Src=0x00 Dst=0x06 data[8]=07 2d 3d 05 93 00 05 60 
2012-12-26T13:21:59+0100 SERIAL : Unknown message: Hdr=0xdc Src=0x06 Dst=0x00 data[5]=06 3d 2d 05 1e 
2012-12-26T13:21:59+0100 SERIAL : Unknown message: Hdr=0xdc Src=0x00 Dst=0x06 data[8]=07 2d 3d 05 1e 00 05 6f 
2012-12-26T13:21:59+0100 SERIAL : Unknown message: Hdr=0xdc Src=0x06 Dst=0x00 data[5]=06 3d 09 30 34 
2012-12-26T13:21:59+0100 SERIAL : Unknown message: Hdr=0xdc Src=0x00 Dst=0x06 data[7]=07 09 3d 30 34 00 0a 
2012-12-26T13:22:00+0100 SERIAL : Unknown message: Hdr=0xdc Src=0x06 Dst=0x00 data[5]=06 3d 05 05 21 
2012-12-26T13:22:00+0100 SERIAL : Unknown message: Hdr=0xdc Src=0x00 Dst=0x06 data[8]=07 05 3d 05 21 00 02 11 
2012-12-26T13:22:01+0100 SERIAL : Unknown message: Hdr=0xdc Src=0x06 Dst=0x00 data[5]=06 3d 31 05 2f 
2012-12-26T13:22:01+0100 SERIAL : Unknown message: Hdr=0xdc Src=0x00 Dst=0x06 data[8]=07 31 3d 05 2f 00 0c d6 
2012-12-26T13:22:01+0100 SERIAL : Unknown message: Hdr=0xdc Src=0x06 Dst=0x00 data[5]=06 3d 21 05 18 
2012-12-26T13:22:01+0100 SERIAL : Unknown message: Hdr=0xdc Src=0x00 Dst=0x06 data[8]=07 21 3d 05 18 00 0c a0 
2012-12-26T13:22:02+0100 SERIAL : Unknown message: Hdr=0xdc Src=0x06 Dst=0x00 data[5]=06 3d 22 05 18 
2012-12-26T13:22:02+0100 SERIAL : Unknown message: Hdr=0xdc Src=0x00 Dst=0x06 data[8]=07 22 3d 05 18 01 00 00 
2012-12-26T13:22:02+0100 SERIAL : Unknown message: Hdr=0xdc Src=0x06 Dst=0x00 data[5]=06 3d 11 30 63 
2012-12-26T13:22:03+0100 SERIAL : Unknown message: Hdr=0xdc Src=0x00 Dst=0x06 data[8]=07 11 3d 30 63 00 00 0f 
2012-12-26T13:22:03+0100 SERIAL : Unknown message: Hdr=0xdc Src=0x06 Dst=0x00 data[5]=06 3d 05 00 99 
2012-12-26T13:22:03+0100 SERIAL : Unknown message: Hdr=0xdc Src=0x00 Dst=0x06 data[8]=07 05 3d 00 99 00 00 00 
2012-12-26T13:22:07+0100 SERIAL : Unknown message: Hdr=0xdc Src=0x0a Dst=0x00 data[5]=06 3d 0d 05 19 
2012-12-26T13:22:07+0100 SERIAL : Unknown message: Hdr=0xdc Src=0x00 Dst=0x0a data[8]=07 0d 3d 05 19 00 0c a0 
